<?xml version="1.0" encoding="UTF-8"?>
<testsuite name="com.kodilla.kodillahibernate.KodillaHibernateApplicationTests" tests="1" skipped="0" failures="0" errors="0" timestamp="2025-01-15T21:00:07" hostname="LAPTOP-AML2B1O9" time="0.921">
  <properties/>
  <testcase name="contextLoads()" classname="com.kodilla.kodillahibernate.KodillaHibernateApplicationTests" time="0.921"/>
  <system-out><![CDATA[22:00:02.154 [Test worker] INFO org.springframework.test.context.support.AnnotationConfigContextLoaderUtils -- Could not detect default configuration classes for test class [com.kodilla.kodillahibernate.KodillaHibernateApplicationTests]: KodillaHibernateApplicationTests does not declare any static, non-private, non-final, nested classes annotated with @Configuration.
22:00:02.580 [Test worker] INFO org.springframework.boot.test.context.SpringBootTestContextBootstrapper -- Found @SpringBootConfiguration com.kodilla.kodillahibernate.KodillaHibernateApplication for test class com.kodilla.kodillahibernate.KodillaHibernateApplicationTests

  .   ____          _            __ _ _
 /\\ / ___'_ __ _ _(_)_ __  __ _ \ \ \ \
( ( )\___ | '_ | '_| | '_ \/ _` | \ \ \ \
 \\/  ___)| |_)| | | | | || (_| |  ) ) ) )
  '  |____| .__|_| |_|_| |_\__, | / / / /
 =========|_|==============|___/=/_/_/_/

 :: Spring Boot ::                (v3.4.1)

2025-01-15T22:00:03.564+01:00  INFO 13704 --- [kodilla-hibernate] [    Test worker] c.k.k.KodillaHibernateApplicationTests   : Starting KodillaHibernateApplicationTests using Java 21.0.5 with PID 13704 (started by 48534 in C:\Users\48534\dev\kodilla-course\kodilla-course\kodilla-hibernate)
2025-01-15T22:00:03.579+01:00  INFO 13704 --- [kodilla-hibernate] [    Test worker] c.k.k.KodillaHibernateApplicationTests   : No active profile set, falling back to 1 default profile: "default"
2025-01-15T22:00:04.490+01:00  INFO 13704 --- [kodilla-hibernate] [    Test worker] .s.d.r.c.RepositoryConfigurationDelegate : Bootstrapping Spring Data JPA repositories in DEFAULT mode.
2025-01-15T22:00:04.538+01:00  INFO 13704 --- [kodilla-hibernate] [    Test worker] .s.d.r.c.RepositoryConfigurationDelegate : Finished Spring Data repository scanning in 24 ms. Found 0 JPA repository interfaces.
2025-01-15T22:00:05.168+01:00  INFO 13704 --- [kodilla-hibernate] [    Test worker] o.hibernate.jpa.internal.util.LogHelper  : HHH000204: Processing PersistenceUnitInfo [name: default]
2025-01-15T22:00:05.309+01:00  INFO 13704 --- [kodilla-hibernate] [    Test worker] org.hibernate.Version                    : HHH000412: Hibernate ORM core version 6.6.4.Final
2025-01-15T22:00:05.388+01:00  INFO 13704 --- [kodilla-hibernate] [    Test worker] o.h.c.internal.RegionFactoryInitiator    : HHH000026: Second-level cache disabled
2025-01-15T22:00:06.007+01:00  INFO 13704 --- [kodilla-hibernate] [    Test worker] o.s.o.j.p.SpringPersistenceUnitInfo      : No LoadTimeWeaver setup: ignoring JPA class transformer
2025-01-15T22:00:06.071+01:00  INFO 13704 --- [kodilla-hibernate] [    Test worker] com.zaxxer.hikari.HikariDataSource       : HikariPool-1 - Starting...
2025-01-15T22:00:06.422+01:00  INFO 13704 --- [kodilla-hibernate] [    Test worker] com.zaxxer.hikari.pool.HikariPool        : HikariPool-1 - Added connection com.mysql.cj.jdbc.ConnectionImpl@51295423
2025-01-15T22:00:06.422+01:00  INFO 13704 --- [kodilla-hibernate] [    Test worker] com.zaxxer.hikari.HikariDataSource       : HikariPool-1 - Start completed.
2025-01-15T22:00:06.516+01:00  WARN 13704 --- [kodilla-hibernate] [    Test worker] org.hibernate.orm.deprecation            : HHH90000025: MySQLDialect does not need to be specified explicitly using 'hibernate.dialect' (remove the property setting and it will be selected by default)
2025-01-15T22:00:06.548+01:00  INFO 13704 --- [kodilla-hibernate] [    Test worker] org.hibernate.orm.connections.pooling    : HHH10001005: Database info:
	Database JDBC URL [Connecting through datasource 'HikariDataSource (HikariPool-1)']
	Database driver: undefined/unknown
	Database version: 9.0.1
	Autocommit mode: undefined/unknown
	Isolation level: undefined/unknown
	Minimum pool size: undefined/unknown
	Maximum pool size: undefined/unknown
2025-01-15T22:00:07.192+01:00  INFO 13704 --- [kodilla-hibernate] [    Test worker] o.h.e.t.j.p.i.JtaPlatformInitiator       : HHH000489: No JTA platform available (set 'hibernate.transaction.jta.platform' to enable JTA platform integration)
2025-01-15T22:00:07.203+01:00  INFO 13704 --- [kodilla-hibernate] [    Test worker] j.LocalContainerEntityManagerFactoryBean : Initialized JPA EntityManagerFactory for persistence unit 'default'
2025-01-15T22:00:07.435+01:00  INFO 13704 --- [kodilla-hibernate] [    Test worker] c.k.k.KodillaHibernateApplicationTests   : Started KodillaHibernateApplicationTests in 4.422 seconds (process running for 7.232)
]]></system-out>
  <system-err><![CDATA[Mockito is currently self-attaching to enable the inline-mock-maker. This will no longer work in future releases of the JDK. Please add Mockito as an agent to your build what is described in Mockito's documentation: https://javadoc.io/doc/org.mockito/mockito-core/latest/org/mockito/Mockito.html#0.3
WARNING: A Java agent has been loaded dynamically (C:\Users\48534\.gradle\caches\modules-2\files-2.1\net.bytebuddy\byte-buddy-agent\1.15.11\a38b16385e867f59a641330f0362ebe742788ed8\byte-buddy-agent-1.15.11.jar)
WARNING: If a serviceability tool is in use, please run with -XX:+EnableDynamicAgentLoading to hide this warning
WARNING: If a serviceability tool is not in use, please run with -Djdk.instrument.traceUsage for more information
WARNING: Dynamic loading of agents will be disallowed by default in a future release
]]></system-err>
</testsuite>
