<?xml version="1.0" encoding="UTF-8"?>
<testsuite name="com.kodilla.kodillaspringweb.KodillaSpringWebApplicationTests" tests="1" skipped="0" failures="0" errors="0" timestamp="2025-01-14T19:44:33" hostname="LAPTOP-AML2B1O9" time="0.853">
  <properties/>
  <testcase name="contextLoads()" classname="com.kodilla.kodillaspringweb.KodillaSpringWebApplicationTests" time="0.853"/>
  <system-out><![CDATA[20:44:30.919 [Test worker] INFO org.springframework.test.context.support.AnnotationConfigContextLoaderUtils -- Could not detect default configuration classes for test class [com.kodilla.kodillaspringweb.KodillaSpringWebApplicationTests]: KodillaSpringWebApplicationTests does not declare any static, non-private, non-final, nested classes annotated with @Configuration.
20:44:31.099 [Test worker] INFO org.springframework.boot.test.context.SpringBootTestContextBootstrapper -- Found @SpringBootConfiguration com.kodilla.kodillaspringweb.KodillaSpringWebApplication for test class com.kodilla.kodillaspringweb.KodillaSpringWebApplicationTests

  .   ____          _            __ _ _
 /\\ / ___'_ __ _ _(_)_ __  __ _ \ \ \ \
( ( )\___ | '_ | '_| | '_ \/ _` | \ \ \ \
 \\/  ___)| |_)| | | | | || (_| |  ) ) ) )
  '  |____| .__|_| |_|_| |_\__, | / / / /
 =========|_|==============|___/=/_/_/_/

 :: Spring Boot ::                (v3.4.1)

2025-01-14T20:44:31.677+01:00  INFO 5548 --- [kodilla-spring-web] [    Test worker] c.k.k.KodillaSpringWebApplicationTests   : Starting KodillaSpringWebApplicationTests using Java 17.0.12 with PID 5548 (started by 48534 in C:\Users\48534\dev\kodilla-course\kodilla-course\kodilla-spring-web)
2025-01-14T20:44:31.679+01:00  INFO 5548 --- [kodilla-spring-web] [    Test worker] c.k.k.KodillaSpringWebApplicationTests   : No active profile set, falling back to 1 default profile: "default"
2025-01-14T20:44:33.033+01:00  INFO 5548 --- [kodilla-spring-web] [    Test worker] c.k.k.KodillaSpringWebApplicationTests   : Started KodillaSpringWebApplicationTests in 1.684 seconds (process running for 3.185)
]]></system-out>
  <system-err><![CDATA[]]></system-err>
</testsuite>
